<?xml version="1.0" encoding="UTF-8"?>
<testng-results ignored="0" total="1" passed="1" failed="0" skipped="0">
  <reporter-output>
  </reporter-output>
  <suite started-at="2019-07-24T16:45:26 IST" name="PMFBY" finished-at="2019-07-24T16:45:47 IST" duration-ms="21810">
    <groups>
    </groups>
    <test started-at="2019-07-24T16:45:26 IST" name="LOGIN" finished-at="2019-07-24T16:45:47 IST" duration-ms="21810">
      <class name="com.facebook.PostStatus">
        <test-method is-config="true" signature="launchBrowser()[pri:0, instance:com.facebook.PostStatus@7a419da4]" started-at="2019-07-24T16:45:26 IST" name="launchBrowser" finished-at="2019-07-24T16:45:33 IST" duration-ms="7012" status="PASS">
          <reporter-output>
          </reporter-output>
        </test-method> <!-- launchBrowser -->
        <test-method signature="postStatus(java.lang.String, java.lang.String)[pri:0, instance:com.facebook.PostStatus@7a419da4]" started-at="2019-07-24T16:45:33 IST" name="postStatus" finished-at="2019-07-24T16:45:47 IST" duration-ms="14778" status="PASS">
          <params>
            <param index="0">
              <value>
                <![CDATA[hrmantra09@gmail.com]]>
              </value>
            </param>
            <param index="1">
              <value>
                <![CDATA[hsr09904013]]>
              </value>
            </param>
          </params>
          <reporter-output>
          </reporter-output>
        </test-method> <!-- postStatus -->
      </class> <!-- com.facebook.PostStatus -->
    </test> <!-- LOGIN -->
  </suite> <!-- PMFBY -->
</testng-results>
